<?xml version="1.0" encoding="UTF-8"?>
<<<<<<< HEAD
<testng-results ignored="0" total="1" passed="1" failed="0" skipped="0">
=======
<testng-results ignored="0" total="1" passed="0" failed="1" skipped="0">
>>>>>>> branch 'VinayKumar' of https://github.com/narendra25/SailPointAutomationProject.git
  <reporter-output>
  </reporter-output>
<<<<<<< HEAD
  <suite started-at="2024-04-19T16:25:05 IST" name="Default suite" finished-at="2024-04-19T16:25:23 IST" duration-ms="18393">
=======
  <suite started-at="2024-04-25T09:21:51 IST" name="Default suite" finished-at="2024-04-25T09:22:24 IST" duration-ms="32964">
>>>>>>> branch 'VinayKumar' of https://github.com/narendra25/SailPointAutomationProject.git
    <groups>
    </groups>
<<<<<<< HEAD
    <test started-at="2024-04-19T16:25:05 IST" name="Default test" finished-at="2024-04-19T16:25:23 IST" duration-ms="18393">
      <class name="com.QA.DataDrivenScripts.ApplicationCorrelation">
        <test-method is-config="true" signature="generateReports()[pri:0, instance:com.QA.DataDrivenScripts.ApplicationCorrelation@305f031]" started-at="2024-04-19T16:25:05 IST" name="generateReports" finished-at="2024-04-19T16:25:05 IST" duration-ms="75" status="PASS">
=======
    <test started-at="2024-04-25T09:21:51 IST" name="Default test" finished-at="2024-04-25T09:22:24 IST" duration-ms="32964">
      <class name="com.QA.DataDrivenScripts.DeBugDDTScipts">
        <test-method is-config="true" signature="generateReports()[pri:0, instance:com.QA.DataDrivenScripts.DeBugDDTScipts@2187fff7]" started-at="2024-04-25T09:21:51 IST" name="generateReports" finished-at="2024-04-25T09:21:51 IST" duration-ms="153" status="PASS">
>>>>>>> branch 'VinayKumar' of https://github.com/narendra25/SailPointAutomationProject.git
          <reporter-output>
          </reporter-output>
        </test-method> <!-- generateReports -->
<<<<<<< HEAD
        <test-method is-config="true" signature="setUp()[pri:0, instance:com.QA.DataDrivenScripts.ApplicationCorrelation@305f031]" started-at="2024-04-19T16:25:05 IST" name="setUp" finished-at="2024-04-19T16:25:07 IST" duration-ms="1881" status="PASS">
=======
        <test-method is-config="true" signature="setUp()[pri:0, instance:com.QA.DataDrivenScripts.DeBugDDTScipts@2187fff7]" started-at="2024-04-25T09:21:51 IST" name="setUp" finished-at="2024-04-25T09:21:55 IST" duration-ms="4139" status="PASS">
>>>>>>> branch 'VinayKumar' of https://github.com/narendra25/SailPointAutomationProject.git
          <reporter-output>
          </reporter-output>
        </test-method> <!-- setUp -->
<<<<<<< HEAD
        <test-method signature="testCorrelation()[pri:0, instance:com.QA.DataDrivenScripts.ApplicationCorrelation@305f031]" started-at="2024-04-19T16:25:07 IST" name="testCorrelation" finished-at="2024-04-19T16:25:23 IST" duration-ms="16490" status="PASS">
=======
        <test-method signature="verifyCreateIdentityMappingsDDTScript()[pri:0, instance:com.QA.DataDrivenScripts.DeBugDDTScipts@2187fff7]" started-at="2024-04-25T09:21:55 IST" name="verifyCreateIdentityMappingsDDTScript" finished-at="2024-04-25T09:22:24 IST" duration-ms="28433" status="FAIL">
          <exception class="java.lang.NullPointerException">
            <message>
              <![CDATA[Cannot invoke "org.apache.poi.ss.usermodel.Cell.getStringCellValue()" because the return value of "org.apache.poi.ss.usermodel.Row.getCell(int)" is null]]>
            </message>
            <full-stacktrace>
              <![CDATA[java.lang.NullPointerException: Cannot invoke "org.apache.poi.ss.usermodel.Cell.getStringCellValue()" because the return value of "org.apache.poi.ss.usermodel.Row.getCell(int)" is null
at com.QA.DataDrivenScripts.DeBugDDTScipts.verifyCreateIdentityMappingsDDTScript(DeBugDDTScipts.java:30)
at java.base/jdk.internal.reflect.NativeMethodAccessorImpl.invoke0(Native Method)
at java.base/jdk.internal.reflect.NativeMethodAccessorImpl.invoke(NativeMethodAccessorImpl.java:77)
at java.base/jdk.internal.reflect.DelegatingMethodAccessorImpl.invoke(DelegatingMethodAccessorImpl.java:43)
at java.base/java.lang.reflect.Method.invoke(Method.java:568)
at org.testng.internal.invokers.MethodInvocationHelper.invokeMethod(MethodInvocationHelper.java:141)
at org.testng.internal.invokers.TestInvoker.invokeMethod(TestInvoker.java:686)
at org.testng.internal.invokers.TestInvoker.invokeTestMethod(TestInvoker.java:230)
at org.testng.internal.invokers.MethodRunner.runInSequence(MethodRunner.java:63)
at org.testng.internal.invokers.TestInvoker$MethodInvocationAgent.invoke(TestInvoker.java:992)
at org.testng.internal.invokers.TestInvoker.invokeTestMethods(TestInvoker.java:203)
at org.testng.internal.invokers.TestMethodWorker.invokeTestMethods(TestMethodWorker.java:154)
at org.testng.internal.invokers.TestMethodWorker.run(TestMethodWorker.java:134)
at java.base/java.util.ArrayList.forEach(ArrayList.java:1511)
at org.testng.TestRunner.privateRun(TestRunner.java:739)
at org.testng.TestRunner.run(TestRunner.java:614)
at org.testng.SuiteRunner.runTest(SuiteRunner.java:421)
at org.testng.SuiteRunner.runSequentially(SuiteRunner.java:413)
at org.testng.SuiteRunner.privateRun(SuiteRunner.java:373)
at org.testng.SuiteRunner.run(SuiteRunner.java:312)
at org.testng.SuiteRunnerWorker.runSuite(SuiteRunnerWorker.java:52)
at org.testng.SuiteRunnerWorker.run(SuiteRunnerWorker.java:95)
at org.testng.TestNG.runSuitesSequentially(TestNG.java:1274)
at org.testng.TestNG.runSuitesLocally(TestNG.java:1208)
at org.testng.TestNG.runSuites(TestNG.java:1112)
at org.testng.TestNG.run(TestNG.java:1079)
at org.testng.remote.AbstractRemoteTestNG.run(AbstractRemoteTestNG.java:115)
at org.testng.remote.RemoteTestNG.initAndRun(RemoteTestNG.java:293)
at org.testng.remote.RemoteTestNG.main(RemoteTestNG.java:91)
]]>
            </full-stacktrace>
          </exception> <!-- java.lang.NullPointerException -->
>>>>>>> branch 'VinayKumar' of https://github.com/narendra25/SailPointAutomationProject.git
          <reporter-output>
          </reporter-output>
<<<<<<< HEAD
        </test-method> <!-- testCorrelation -->
        <test-method is-config="true" signature="closeReport()[pri:0, instance:com.QA.DataDrivenScripts.ApplicationCorrelation@305f031]" started-at="2024-04-19T16:25:23 IST" name="closeReport" finished-at="2024-04-19T16:25:24 IST" duration-ms="526" status="PASS">
=======
        </test-method> <!-- verifyCreateIdentityMappingsDDTScript -->
        <test-method is-config="true" signature="tearDown()[pri:0, instance:com.QA.DataDrivenScripts.DeBugDDTScipts@2187fff7]" started-at="2024-04-25T09:22:24 IST" name="tearDown" finished-at="2024-04-25T09:22:24 IST" duration-ms="333" status="PASS">
          <reporter-output>
          </reporter-output>
        </test-method> <!-- tearDown -->
        <test-method is-config="true" signature="closeReport()[pri:0, instance:com.QA.DataDrivenScripts.DeBugDDTScipts@2187fff7]" started-at="2024-04-25T09:22:24 IST" name="closeReport" finished-at="2024-04-25T09:22:25 IST" duration-ms="874" status="FAIL">
          <exception class="java.io.IOException">
            <message>
              <![CDATA[Failed to open file:/C:/Users/na21279/eclipse-workspace/SailPoint_Automation/./reports/Reports__25-04-2024%2009-21-51/report_25-04-2024%2009-21-51.html. Error message: The system cannot find the file specified.
]]>
            </message>
            <full-stacktrace>
              <![CDATA[java.io.IOException: Failed to open file:/C:/Users/na21279/eclipse-workspace/SailPoint_Automation/./reports/Reports__25-04-2024%2009-21-51/report_25-04-2024%2009-21-51.html. Error message: The system cannot find the file specified.

at java.desktop/sun.awt.windows.WDesktopPeer.ShellExecute(WDesktopPeer.java:115)
at java.desktop/sun.awt.windows.WDesktopPeer.browse(WDesktopPeer.java:101)
at java.desktop/java.awt.Desktop.browse(Desktop.java:533)
at com.QA.Application.TestBase.TestBase.closeReport(TestBase.java:87)
at java.base/jdk.internal.reflect.NativeMethodAccessorImpl.invoke0(Native Method)
at java.base/jdk.internal.reflect.NativeMethodAccessorImpl.invoke(NativeMethodAccessorImpl.java:77)
at java.base/jdk.internal.reflect.DelegatingMethodAccessorImpl.invoke(DelegatingMethodAccessorImpl.java:43)
at java.base/java.lang.reflect.Method.invoke(Method.java:568)
at org.testng.internal.invokers.MethodInvocationHelper.invokeMethod(MethodInvocationHelper.java:141)
at org.testng.internal.invokers.MethodInvocationHelper.invokeMethodConsideringTimeout(MethodInvocationHelper.java:71)
at org.testng.internal.invokers.ConfigInvoker.invokeConfigurationMethod(ConfigInvoker.java:400)
at org.testng.internal.invokers.ConfigInvoker.invokeConfigurations(ConfigInvoker.java:333)
at org.testng.SuiteRunner.privateRun(SuiteRunner.java:386)
at org.testng.SuiteRunner.run(SuiteRunner.java:312)
at org.testng.SuiteRunnerWorker.runSuite(SuiteRunnerWorker.java:52)
at org.testng.SuiteRunnerWorker.run(SuiteRunnerWorker.java:95)
at org.testng.TestNG.runSuitesSequentially(TestNG.java:1274)
at org.testng.TestNG.runSuitesLocally(TestNG.java:1208)
at org.testng.TestNG.runSuites(TestNG.java:1112)
at org.testng.TestNG.run(TestNG.java:1079)
at org.testng.remote.AbstractRemoteTestNG.run(AbstractRemoteTestNG.java:115)
at org.testng.remote.RemoteTestNG.initAndRun(RemoteTestNG.java:293)
at org.testng.remote.RemoteTestNG.main(RemoteTestNG.java:91)
]]>
            </full-stacktrace>
          </exception> <!-- java.io.IOException -->
>>>>>>> branch 'VinayKumar' of https://github.com/narendra25/SailPointAutomationProject.git
          <reporter-output>
          </reporter-output>
        </test-method> <!-- closeReport -->
<<<<<<< HEAD
      </class> <!-- com.QA.DataDrivenScripts.ApplicationCorrelation -->
=======
      </class> <!-- com.QA.DataDrivenScripts.DeBugDDTScipts -->
>>>>>>> branch 'VinayKumar' of https://github.com/narendra25/SailPointAutomationProject.git
    </test> <!-- Default test -->
  </suite> <!-- Default suite -->
</testng-results>
